<?xml version="1.0" encoding="UTF-8"?>
<testng-results skipped="0" failed="0" ignored="0" total="2" passed="2">
  <reporter-output>
  </reporter-output>
  <suite name="__Test Suite__" duration-ms="137828" started-at="2018-09-21T13:39:43Z" finished-at="2018-09-21T13:42:01Z">
    <groups>
    </groups>
    <test name="InvLoginTests" duration-ms="137828" started-at="2018-09-21T13:39:43Z" finished-at="2018-09-21T13:42:01Z">
      <class name="tests.InitializeLogging">
        <test-method status="PASS" signature="loggingConfig()[pri:0, instance:tests.InitializeLogging@43738a82]" name="loggingConfig" duration-ms="68" started-at="2018-09-21T13:39:43Z" finished-at="2018-09-21T13:39:43Z">
          <reporter-output>
          </reporter-output>
        </test-method> <!-- loggingConfig -->
      </class> <!-- tests.InitializeLogging -->
      <class name="tests.NegativeLoginTestTestRunner">
        <test-method status="PASS" signature="beforeClass()[pri:0, instance:tests.NegativeLoginTestTestRunner@c81cdd1]" name="beforeClass" is-config="true" duration-ms="54439" started-at="2018-09-21T13:39:43Z" finished-at="2018-09-21T13:40:37Z">
          <reporter-output>
          </reporter-output>
        </test-method> <!-- beforeClass -->
        <test-method status="PASS" signature="beforeMethod()[pri:0, instance:tests.NegativeLoginTestTestRunner@c81cdd1]" name="beforeMethod" is-config="true" duration-ms="0" started-at="2018-09-21T13:40:37Z" finished-at="2018-09-21T13:40:37Z">
          <reporter-output>
          </reporter-output>
        </test-method> <!-- beforeMethod -->
        <test-method status="PASS" signature="checkInvLogin(data.IUser)[pri:0, instance:tests.NegativeLoginTestTestRunner@c81cdd1]" name="checkInvLogin" duration-ms="83273" started-at="2018-09-21T13:40:37Z" data-provider="invTestUsers" finished-at="2018-09-21T13:42:01Z">
          <params>
            <param index="0">
              <value>
                <![CDATA[data.User@466276d8]]>
              </value>
            </param>
          </params>
          <reporter-output>
          </reporter-output>
        </test-method> <!-- checkInvLogin -->
        <test-method status="PASS" signature="afterMethod()[pri:0, instance:tests.NegativeLoginTestTestRunner@c81cdd1]" name="afterMethod" is-config="true" duration-ms="0" started-at="2018-09-21T13:42:01Z" finished-at="2018-09-21T13:42:01Z">
          <reporter-output>
          </reporter-output>
        </test-method> <!-- afterMethod -->
        <test-method status="PASS" signature="afterClass()[pri:0, instance:tests.NegativeLoginTestTestRunner@c81cdd1]" name="afterClass" is-config="true" duration-ms="0" started-at="2018-09-21T13:42:01Z" finished-at="2018-09-21T13:42:01Z">
          <reporter-output>
          </reporter-output>
        </test-method> <!-- afterClass -->
      </class> <!-- tests.NegativeLoginTestTestRunner -->
    </test> <!-- InvLoginTests -->
  </suite> <!-- __Test Suite__ -->
</testng-results>
